0 info it worked if it ends with ok
1 verbose cli [ 'C:\\Program Files\\nodejs\\node.exe',
1 verbose cli   'C:\\Program Files\\nodejs\\node_modules\\npm\\bin\\npm-cli.js',
1 verbose cli   'run',
1 verbose cli   'dev' ]
2 info using npm@3.10.8
3 info using node@v6.9.1
4 verbose run-script [ 'predev', 'dev', 'postdev' ]
5 info lifecycle lost_victories_web@1.0.0~predev: lost_victories_web@1.0.0
6 silly lifecycle lost_victories_web@1.0.0~predev: no script for predev, continuing
7 info lifecycle lost_victories_web@1.0.0~dev: lost_victories_web@1.0.0
8 verbose lifecycle lost_victories_web@1.0.0~dev: unsafe-perm in lifecycle true
9 verbose lifecycle lost_victories_web@1.0.0~dev: PATH: C:\Program Files\nodejs\node_modules\npm\bin\node-gyp-bin;D:\Lost Victories\lostvictories-git\node_modules\.bin;C:\ProgramData\Oracle\Java\javapath;C:\Program Files (x86)\NVIDIA Corporation\PhysX\Common;C:\Windows\system32;C:\Windows;C:\Windows\System32\Wbem;C:\Windows\System32\WindowsPowerShell\v1.0\;C:\Program Files (x86)\ATI Technologies\ATI.ACE\Core-Static;C:\Program Files\Microsoft SQL Server\110\Tools\Binn\;C:\Program Files\Microsoft SQL Server\Client SDK\ODBC\110\Tools\Binn\;C:\Program Files (x86)\Microsoft SQL Server\120\Tools\Binn\ManagementStudio\;C:\Program Files (x86)\Microsoft SQL Server\120\Tools\Binn\;C:\Program Files\Microsoft SQL Server\120\Tools\Binn\;C:\Program Files (x86)\Microsoft SQL Server\120\DTS\Binn\;C:\Program Files\Microsoft SQL Server\120\DTS\Binn\;C:\Program Files\Microsoft\Web Platform Installer\;C:\MinGW64\bin\;C:\MinGW\bin\;c:\MinGW\msys\1.0\;D:\phantomjs-2.0.0-windows\bin;C:\Program Files (x86)\Skype\Phone\;C:\Program Files\Android\android-sdk\platform-tools;C:\Program Files\Android\android-sdk\tools;C:\Program Files (x86)\Microsoft SQL Server\130\DTS\Binn\;C:\Program Files\Microsoft SQL Server\130\DTS\Binn\;C:\Program Files (x86)\Microsoft SQL Server\Client SDK\ODBC\130\Tools\Binn\;C:\Program Files (x86)\Microsoft SQL Server\130\Tools\Binn\;C:\Program Files (x86)\Microsoft SQL Server\130\Tools\Binn\ManagementStudio\;C:\Program Files\Microsoft SQL Server\130\Tools\Binn\;C:\Program Files (x86)\Windows Kits\10\Windows Performance Toolkit\;C:\Program Files\Git\cmd;C:\Program Files\dotnet\;E:\xampp\php;C:\ProgramData\ComposerSetup\bin;C:\Program Files\nodejs\;C:\Users\claudiu.v\AppData\Roaming\Composer\vendor\bin;C:\Users\claudiu.v\AppData\Local\atom\bin;C:\Users\claudiu.v\AppData\Roaming\npm
10 verbose lifecycle lost_victories_web@1.0.0~dev: CWD: D:\Lost Victories\lostvictories-git
11 silly lifecycle lost_victories_web@1.0.0~dev: Args: [ '/d /s /c',
11 silly lifecycle   'webpack-dev-server --hot --config webpack.config.js --content-base public/ --devtool eval --port 8070' ]
12 silly lifecycle lost_victories_web@1.0.0~dev: Returned: code: 1  signal: null
13 info lifecycle lost_victories_web@1.0.0~dev: Failed to exec dev script
14 verbose stack Error: lost_victories_web@1.0.0 dev: `webpack-dev-server --hot --config webpack.config.js --content-base public/ --devtool eval --port 8070`
14 verbose stack Exit status 1
14 verbose stack     at EventEmitter.<anonymous> (C:\Program Files\nodejs\node_modules\npm\lib\utils\lifecycle.js:255:16)
14 verbose stack     at emitTwo (events.js:106:13)
14 verbose stack     at EventEmitter.emit (events.js:191:7)
14 verbose stack     at ChildProcess.<anonymous> (C:\Program Files\nodejs\node_modules\npm\lib\utils\spawn.js:40:14)
14 verbose stack     at emitTwo (events.js:106:13)
14 verbose stack     at ChildProcess.emit (events.js:191:7)
14 verbose stack     at maybeClose (internal/child_process.js:877:16)
14 verbose stack     at Process.ChildProcess._handle.onexit (internal/child_process.js:226:5)
15 verbose pkgid lost_victories_web@1.0.0
16 verbose cwd D:\Lost Victories\lostvictories-git
17 error Windows_NT 6.3.9600
18 error argv "C:\\Program Files\\nodejs\\node.exe" "C:\\Program Files\\nodejs\\node_modules\\npm\\bin\\npm-cli.js" "run" "dev"
19 error node v6.9.1
20 error npm  v3.10.8
21 error code ELIFECYCLE
22 error lost_victories_web@1.0.0 dev: `webpack-dev-server --hot --config webpack.config.js --content-base public/ --devtool eval --port 8070`
22 error Exit status 1
23 error Failed at the lost_victories_web@1.0.0 dev script 'webpack-dev-server --hot --config webpack.config.js --content-base public/ --devtool eval --port 8070'.
23 error Make sure you have the latest version of node.js and npm installed.
23 error If you do, this is most likely a problem with the lost_victories_web package,
23 error not with npm itself.
23 error Tell the author that this fails on your system:
23 error     webpack-dev-server --hot --config webpack.config.js --content-base public/ --devtool eval --port 8070
23 error You can get information on how to open an issue for this project with:
23 error     npm bugs lost_victories_web
23 error Or if that isn't available, you can get their info via:
23 error     npm owner ls lost_victories_web
23 error There is likely additional logging output above.
24 verbose exit [ 1, true ]
